<?xml version="1.0" encoding="UTF-8"?>
<!-- Generated by org.testng.reporters.JUnitXMLReporter -->
<testsuite hostname="Balu" ignored="0" name="Test" tests="8" failures="0" timestamp="13 Dec 2019 20:40:20 GMT" time="0.159" errors="0">
  <testcase name="BrowserAutomation" time="0.028" classname="qaclickacademy.SeleniumTest"/>
  <testcase name="elementsUI" time="0.002" classname="qaclickacademy.SeleniumTest"/>
  <testcase name="deleteTwitter" time="0.002" classname="qaclickacademy.RestAPITest"/>
  <testcase name="postjira" time="0.002" classname="qaclickacademy.RestAPITest"/>
  <testcase name="IOSApps" time="0.001" classname="qaclickacademy.AppiumTest"/>
  <testcase name="adroidApps" time="0.003" classname="qaclickacademy.AppiumTest"/>
  <testcase name="off" time="0.001" classname="qaclickacademy.DthTest"/>
  <testcase name="on" time="0.001" classname="qaclickacademy.DthTest"/>
</testsuite> <!-- Test -->
