<?xml version="1.0" encoding="UTF-8"?>
<!-- Generated by org.testng.reporters.JUnitXMLReporter -->
<testsuite hostname="Balu" ignored="0" name="Surefire test" tests="6" failures="0" timestamp="13 Dec 2019 11:22:20 GMT" time="0.148" errors="0">
  <testcase name="IOSApps" time="0.023" classname="qaclickacademy.AppiumTest"/>
  <testcase name="adroidApps" time="0.004" classname="qaclickacademy.AppiumTest"/>
  <testcase name="deleteTwitter" time="0.003" classname="qaclickacademy.RestAPITest"/>
  <testcase name="postjira" time="0.001" classname="qaclickacademy.RestAPITest"/>
  <testcase name="BrowserAutomation" time="0.001" classname="qaclickacademy.SeleniumTest"/>
  <testcase name="elementsUI" time="0.002" classname="qaclickacademy.SeleniumTest"/>
</testsuite> <!-- Surefire test -->
