<?xml version="1.0" encoding="UTF-8"?>
<!-- Generated by org.testng.reporters.JUnitXMLReporter -->
<testsuite hostname="Balu" ignored="0" name="Command line test" tests="6" failures="0" timestamp="17 Dec 2019 22:10:45 GMT" time="9.401" errors="0">
  <testcase name="IOSApps" time="0.033" classname="qaclickacademy.AppiumTest"/>
  <testcase name="adroidApps" time="0.002" classname="qaclickacademy.AppiumTest"/>
  <testcase name="deleteTwitter" time="0.001" classname="qaclickacademy.RestAPITest"/>
  <testcase name="postjira" time="0.0" classname="qaclickacademy.RestAPITest"/>
  <testcase name="BrowserAutomation" time="9.197" classname="qaclickacademy.SeleniumTest"/>
  <testcase name="elementsUI" time="0.0" classname="qaclickacademy.SeleniumTest"/>
</testsuite> <!-- Command line test -->
