<?xml version="1.0" encoding="UTF-8"?>
<!-- Generated by org.testng.reporters.JUnitXMLReporter -->
<testsuite hostname="Balu" ignored="0" name="Test" tests="6" failures="0" timestamp="17 Dec 2019 18:29:50 GMT" time="16.141" errors="0">
  <testcase name="BrowserAutomation" time="15.857" classname="qaclickacademy.SeleniumTest"/>
  <testcase name="elementsUI" time="0.003" classname="qaclickacademy.SeleniumTest"/>
  <testcase name="deleteTwitter" time="0.017" classname="qaclickacademy.RestAPITest"/>
  <testcase name="postjira" time="0.021" classname="qaclickacademy.RestAPITest"/>
  <testcase name="IOSApps" time="0.011" classname="qaclickacademy.AppiumTest"/>
  <testcase name="adroidApps" time="0.008" classname="qaclickacademy.AppiumTest"/>
</testsuite> <!-- Test -->
