<?xml version="1.0" encoding="UTF-8"?>
<!-- Generated by org.testng.reporters.JUnitXMLReporter -->
<testsuite hostname="Balu" ignored="0" name="Test" tests="4" failures="0" timestamp="13 Dec 2019 20:42:39 GMT" time="0.133" errors="0">
  <testcase name="deleteTwitter" time="0.024" classname="qaclickacademy.RestAPITest"/>
  <testcase name="postjira" time="0.002" classname="qaclickacademy.RestAPITest"/>
  <testcase name="IOSApps" time="0.002" classname="qaclickacademy.AppiumTest"/>
  <testcase name="adroidApps" time="0.002" classname="qaclickacademy.AppiumTest"/>
</testsuite> <!-- Test -->
