<?xml version="1.0" encoding="UTF-8"?>
<testng-results skipped="0" failed="0" ignored="0" total="6" passed="6">
  <reporter-output>
  </reporter-output>
  <suite name="Command line suite" duration-ms="9401" started-at="2019-12-17T22:10:36Z" finished-at="2019-12-17T22:10:45Z">
    <groups>
    </groups>
    <test name="Command line test" duration-ms="9401" started-at="2019-12-17T22:10:36Z" finished-at="2019-12-17T22:10:45Z">
      <class name="qaclickacademy.AppiumTest">
        <test-method status="PASS" signature="IOSApps()[pri:0, instance:qaclickacademy.AppiumTest@90f6bfd]" name="IOSApps" duration-ms="33" started-at="2019-12-17T22:10:36Z" finished-at="2019-12-17T22:10:36Z">
          <reporter-output>
          </reporter-output>
        </test-method> <!-- IOSApps -->
        <test-method status="PASS" signature="adroidApps()[pri:0, instance:qaclickacademy.AppiumTest@90f6bfd]" name="adroidApps" duration-ms="2" started-at="2019-12-17T22:10:36Z" finished-at="2019-12-17T22:10:36Z">
          <reporter-output>
          </reporter-output>
        </test-method> <!-- adroidApps -->
      </class> <!-- qaclickacademy.AppiumTest -->
      <class name="qaclickacademy.RestAPITest">
        <test-method status="PASS" signature="deleteTwitter()[pri:0, instance:qaclickacademy.RestAPITest@47f6473]" name="deleteTwitter" duration-ms="1" started-at="2019-12-17T22:10:36Z" finished-at="2019-12-17T22:10:36Z">
          <reporter-output>
          </reporter-output>
        </test-method> <!-- deleteTwitter -->
        <test-method status="PASS" signature="postjira()[pri:0, instance:qaclickacademy.RestAPITest@47f6473]" name="postjira" duration-ms="0" started-at="2019-12-17T22:10:36Z" finished-at="2019-12-17T22:10:36Z">
          <reporter-output>
          </reporter-output>
        </test-method> <!-- postjira -->
      </class> <!-- qaclickacademy.RestAPITest -->
      <class name="qaclickacademy.SeleniumTest">
        <test-method status="PASS" signature="BrowserAutomation()[pri:0, instance:qaclickacademy.SeleniumTest@15975490]" name="BrowserAutomation" duration-ms="9197" started-at="2019-12-17T22:10:36Z" finished-at="2019-12-17T22:10:45Z">
          <reporter-output>
          </reporter-output>
        </test-method> <!-- BrowserAutomation -->
        <test-method status="PASS" signature="elementsUI()[pri:0, instance:qaclickacademy.SeleniumTest@15975490]" name="elementsUI" duration-ms="0" started-at="2019-12-17T22:10:45Z" finished-at="2019-12-17T22:10:45Z">
          <reporter-output>
          </reporter-output>
        </test-method> <!-- elementsUI -->
      </class> <!-- qaclickacademy.SeleniumTest -->
    </test> <!-- Command line test -->
  </suite> <!-- Command line suite -->
</testng-results>
