<?xml version="1.0" encoding="UTF-8"?>
<testng-results skipped="0" failed="0" ignored="0" total="2" passed="2">
  <reporter-output>
  </reporter-output>
  <suite name="Default suite" duration-ms="11338" started-at="2019-12-17T18:51:40Z" finished-at="2019-12-17T18:51:51Z">
    <groups>
    </groups>
    <test name="Default test" duration-ms="11338" started-at="2019-12-17T18:51:40Z" finished-at="2019-12-17T18:51:51Z">
      <class name="qaclickacademy.SeleniumTest">
        <test-method status="PASS" signature="BrowserAutomation()[pri:0, instance:qaclickacademy.SeleniumTest@14bf9759]" name="BrowserAutomation" duration-ms="11226" started-at="2019-12-17T18:51:40Z" finished-at="2019-12-17T18:51:51Z">
          <reporter-output>
          </reporter-output>
        </test-method> <!-- BrowserAutomation -->
        <test-method status="PASS" signature="elementsUI()[pri:0, instance:qaclickacademy.SeleniumTest@14bf9759]" name="elementsUI" duration-ms="6" started-at="2019-12-17T18:51:51Z" finished-at="2019-12-17T18:51:51Z">
          <reporter-output>
          </reporter-output>
        </test-method> <!-- elementsUI -->
      </class> <!-- qaclickacademy.SeleniumTest -->
    </test> <!-- Default test -->
  </suite> <!-- Default suite -->
</testng-results>
